[2025-04-02 10:32:40] [INFO] 應用程式啟動
[2025-04-02 10:32:47] [INFO] 開始添加檔案到列表，共 5 個檔案
[2025-04-02 10:32:47] [DEBUG] 添加檔案: C:\3D_prj\VS_2022_prj\HEIC2JPG\HEIC測試\IMG_1162.HEIC
[2025-04-02 10:32:47] [DEBUG] 添加檔案: C:\3D_prj\VS_2022_prj\HEIC2JPG\HEIC測試\IMG_1163.HEIC
[2025-04-02 10:32:47] [DEBUG] 添加檔案: C:\3D_prj\VS_2022_prj\HEIC2JPG\HEIC測試\IMG_1164.HEIC
[2025-04-02 10:32:47] [DEBUG] 添加檔案: C:\3D_prj\VS_2022_prj\HEIC2JPG\HEIC測試\IMG_1165.HEIC
[2025-04-02 10:32:47] [DEBUG] 添加檔案: C:\3D_prj\VS_2022_prj\HEIC2JPG\HEIC測試\IMG_1166.HEIC
[2025-04-02 10:32:47] [INFO] 檔案列表更新完成，共 5 個檔案
[2025-04-02 10:32:49] [INFO] 開始轉換檔案: C:\3D_prj\VS_2022_prj\HEIC2JPG\HEIC測試\IMG_1162.HEIC
[2025-04-02 10:32:49] [INFO] 檔案轉換成功: C:\3D_prj\VS_2022_prj\HEIC2JPG\HEIC測試\IMG_1162.HEIC -> C:\3D_prj\VS_2022_prj\HEIC2JPG\HEIC測試\IMG_1162.jpg
[2025-04-02 10:32:50] [INFO] 開始轉換檔案: C:\3D_prj\VS_2022_prj\HEIC2JPG\HEIC測試\IMG_1163.HEIC
[2025-04-02 10:32:50] [INFO] 檔案轉換成功: C:\3D_prj\VS_2022_prj\HEIC2JPG\HEIC測試\IMG_1163.HEIC -> C:\3D_prj\VS_2022_prj\HEIC2JPG\HEIC測試\IMG_1163.jpg
[2025-04-02 10:32:51] [INFO] 開始轉換檔案: C:\3D_prj\VS_2022_prj\HEIC2JPG\HEIC測試\IMG_1164.HEIC
[2025-04-02 10:32:51] [INFO] 檔案轉換成功: C:\3D_prj\VS_2022_prj\HEIC2JPG\HEIC測試\IMG_1164.HEIC -> C:\3D_prj\VS_2022_prj\HEIC2JPG\HEIC測試\IMG_1164.jpg
[2025-04-02 10:32:52] [INFO] 開始轉換檔案: C:\3D_prj\VS_2022_prj\HEIC2JPG\HEIC測試\IMG_1165.HEIC
[2025-04-02 10:32:53] [INFO] 檔案轉換成功: C:\3D_prj\VS_2022_prj\HEIC2JPG\HEIC測試\IMG_1165.HEIC -> C:\3D_prj\VS_2022_prj\HEIC2JPG\HEIC測試\IMG_1165.jpg
[2025-04-02 10:32:54] [INFO] 開始轉換檔案: C:\3D_prj\VS_2022_prj\HEIC2JPG\HEIC測試\IMG_1166.HEIC
[2025-04-02 10:32:54] [INFO] 檔案轉換成功: C:\3D_prj\VS_2022_prj\HEIC2JPG\HEIC測試\IMG_1166.HEIC -> C:\3D_prj\VS_2022_prj\HEIC2JPG\HEIC測試\IMG_1166.jpg
[2025-04-02 10:35:01] [INFO] 應用程式啟動
[2025-04-02 10:35:07] [INFO] 開始添加檔案到列表，共 5 個檔案
[2025-04-02 10:35:07] [DEBUG] 添加檔案: C:\3D_prj\VS_2022_prj\HEIC2JPG\HEIC測試\IMG_1162.HEIC
[2025-04-02 10:35:07] [DEBUG] 添加檔案: C:\3D_prj\VS_2022_prj\HEIC2JPG\HEIC測試\IMG_1163.HEIC
[2025-04-02 10:35:07] [DEBUG] 添加檔案: C:\3D_prj\VS_2022_prj\HEIC2JPG\HEIC測試\IMG_1164.HEIC
[2025-04-02 10:35:07] [DEBUG] 添加檔案: C:\3D_prj\VS_2022_prj\HEIC2JPG\HEIC測試\IMG_1165.HEIC
[2025-04-02 10:35:07] [DEBUG] 添加檔案: C:\3D_prj\VS_2022_prj\HEIC2JPG\HEIC測試\IMG_1166.HEIC
[2025-04-02 10:35:07] [INFO] 檔案列表更新完成，共 5 個檔案
[2025-04-02 10:35:45] [INFO] 應用程式關閉
[2025-04-02 10:38:45] [INFO] 應用程式啟動
[2025-04-02 10:38:50] [INFO] 應用程式關閉
[2025-04-02 10:40:40] [INFO] 應用程式啟動
[2025-04-02 10:42:01] [INFO] 應用程式啟動
[2025-04-02 10:42:21] [INFO] 應用程式關閉
[2025-04-02 10:42:48] [INFO] 應用程式啟動
[2025-04-02 10:43:09] [INFO] 應用程式關閉
[2025-04-02 10:43:37] [INFO] 應用程式啟動
[2025-04-02 10:43:39] [INFO] 應用程式關閉
[2025-04-02 10:45:34] [INFO] 應用程式啟動
[2025-04-02 10:45:39] [INFO] 應用程式關閉
[2025-04-02 10:46:25] [INFO] 應用程式啟動
[2025-04-02 10:46:28] [INFO] 應用程式關閉
